Using pre-set license
Built from '2020.3/staging' branch; Version is '2020.3.8f1 (507919d4fff5) revision 5273881'; Using compiler version '192528614'; Build Type 'Release'
OS: 'Windows 10 Home China; OS build 19042.1052; Version 2009; 64bit' Language: 'zh' Physical Memory: 32510 MB
BatchMode: 1, IsHumanControllingUs: 0, StartBugReporterOnCrash: 0, Is64bit: 1, IsPro: 0

 COMMAND LINE ARGUMENTS:
C:\Program Files\Unity\Hub\Editor\2020.3.8f1\Editor\Unity.exe
-adb2
-batchMode
-noUpm
-name
AssetImportWorker0
-projectPath
C:/Unity3d-PhysicsGun/Unity3d-PhysicsGun
-logFile
Logs/AssetImportWorker0.log
-srvPort
61849
Successfully changed project path to: C:/Unity3d-PhysicsGun/Unity3d-PhysicsGun
C:/Unity3d-PhysicsGun/Unity3d-PhysicsGun
Using Asset Import Pipeline V2.
Refreshing native plugins compatible for Editor in 69.53 ms, found 1 plugins.
Preloading 0 native plugins for Editor in 0.00 ms.
Initialize engine version: 2020.3.8f1 (507919d4fff5)
[Subsystems] Discovering subsystems at path C:/Program Files/Unity/Hub/Editor/2020.3.8f1/Editor/Data/Resources/UnitySubsystems
[Subsystems] Discovering subsystems at path C:/Unity3d-PhysicsGun/Unity3d-PhysicsGun/Assets
GfxDevice: creating device client; threaded=0
Direct3D:
    Version:  Direct3D 11.0 [level 11.1]
    Renderer: NVIDIA GeForce RTX 3060 Laptop GPU (ID=0x2560)
    Vendor:   
    VRAM:     6023 MB
    Driver:   27.21.14.6236
Shader 'Universal Render Pipeline/Particles/Lit': fallback shader 'Universal Render Pipeline/Particles/SimpleLit' not found
Initialize mono
Mono path[0] = 'C:/Program Files/Unity/Hub/Editor/2020.3.8f1/Editor/Data/Managed'
Mono path[1] = 'C:/Program Files/Unity/Hub/Editor/2020.3.8f1/Editor/Data/MonoBleedingEdge/lib/mono/unityjit'
Mono config path = 'C:/Program Files/Unity/Hub/Editor/2020.3.8f1/Editor/Data/MonoBleedingEdge/etc'
Using monoOptions --debugger-agent=transport=dt_socket,embedding=1,server=y,suspend=n,address=127.0.0.1:56240
Begin MonoManager ReloadAssembly
Registering precompiled unity dll's ...
Register platform support module: C:/Program Files/Unity/Hub/Editor/2020.3.8f1/Editor/Data/PlaybackEngines/WindowsStandaloneSupport/UnityEditor.WindowsStandalone.Extensions.dll
Registered in 0.001635 seconds.
Native extension for WindowsStandalone target not found
Refreshing native plugins compatible for Editor in 62.44 ms, found 1 plugins.
Preloading 0 native plugins for Editor in 0.00 ms.
Mono: successfully reloaded assembly
- Completed reload, in  0.744 seconds
Platform modules already initialized, skipping
Registering precompiled user dll's ...
Registered in 0.002703 seconds.
Begin MonoManager ReloadAssembly
Native extension for WindowsStandalone target not found
Refreshing native plugins compatible for Editor in 61.32 ms, found 1 plugins.
Preloading 0 native plugins for Editor in 0.00 ms.
Mono: successfully reloaded assembly
- Completed reload, in  0.815 seconds
Platform modules already initialized, skipping
========================================================================
Worker process is ready to serve import requests
Shader 'Universal Render Pipeline/Particles/Lit': fallback shader 'Universal Render Pipeline/Particles/SimpleLit' not found
Launched and connected shader compiler UnityShaderCompiler.exe after 0.04 seconds
Refreshing native plugins compatible for Editor in 0.92 ms, found 1 plugins.
Preloading 0 native plugins for Editor in 0.00 ms.
Unloading 4059 Unused Serialized files (Serialized files now loaded: 0)
System memory in use before: 189.6 MB.
System memory in use after: 189.4 MB.

Unloading 66 unused Assets to reduce memory usage. Loaded Objects now: 4487.
Total: 4.210600 ms (FindLiveObjects: 0.237800 ms CreateObjectMapping: 0.079600 ms MarkObjects: 3.595600 ms  DeleteObjects: 0.294300 ms)

========================================================================
Received Import Request.
  path: Assets/_PhysicsGunAssets/Scenes/PhysicsGunSampleScene.unity
  artifactKey: Guid(211d77c8e9bc09b44a2898d2bb9d90f9) Importer(815301076,1909f56bfc062723c751e8b465ee728b)
Start importing Assets/_PhysicsGunAssets/Scenes/PhysicsGunSampleScene.unity using Guid(211d77c8e9bc09b44a2898d2bb9d90f9) Importer(815301076,1909f56bfc062723c751e8b465ee728b)  -> (artifact id: '8c3e9722fe2a0a56306623ae735dda62') in 0.011321 seconds
  Import took 0.015919 seconds .

========================================================================
Received Import Request.
  Time since last request: 48.661124 seconds.
  path: Assets/SampleScenes/Textures
  artifactKey: Guid(086f32566457e9b4399348747e15d7a8) Importer(815301076,1909f56bfc062723c751e8b465ee728b)
Start importing Assets/SampleScenes/Textures using Guid(086f32566457e9b4399348747e15d7a8) Importer(815301076,1909f56bfc062723c751e8b465ee728b)  -> (artifact id: '1365bc79deadcb65828563d790d2249a') in 0.002023 seconds
  Import took 0.006857 seconds .

========================================================================
Received Import Request.
  Time since last request: 26.648218 seconds.
  path: Assets/Scripts/RopeGun.cs
  artifactKey: Guid(6acb3e9ee50b6f9479b7d13d547ca1bf) Importer(815301076,1909f56bfc062723c751e8b465ee728b)
Start importing Assets/Scripts/RopeGun.cs using Guid(6acb3e9ee50b6f9479b7d13d547ca1bf) Importer(815301076,1909f56bfc062723c751e8b465ee728b)  -> (artifact id: '33f6395bfb1f24824d91c79db0dac9d4') in 0.017940 seconds
  Import took 0.023413 seconds .

========================================================================
Received Import Request.
  Time since last request: 235.623538 seconds.
  path: Assets/AddressableAssetsData/DataBuilders/BuildScriptPackedPlayMode.asset
  artifactKey: Guid(bc311ea28b562dd4687fe546659d2b5f) Importer(815301076,1909f56bfc062723c751e8b465ee728b)
Start importing Assets/AddressableAssetsData/DataBuilders/BuildScriptPackedPlayMode.asset using Guid(bc311ea28b562dd4687fe546659d2b5f) Importer(815301076,1909f56bfc062723c751e8b465ee728b)  -> (artifact id: 'a51818780a8b17e0900602b84a59edc7') in 0.003832 seconds
  Import took 0.008878 seconds .

========================================================================
Received Import Request.
  Time since last request: 0.749888 seconds.
  path: Assets/AddressableAssetsData/DataBuilders/BuildScriptPackedMode.asset
  artifactKey: Guid(11a98fcf20baa4e4380ee07551aaf375) Importer(815301076,1909f56bfc062723c751e8b465ee728b)
Start importing Assets/AddressableAssetsData/DataBuilders/BuildScriptPackedMode.asset using Guid(11a98fcf20baa4e4380ee07551aaf375) Importer(815301076,1909f56bfc062723c751e8b465ee728b)  -> (artifact id: 'e2d80e0bac930bfbd48e955a02177cf6') in 0.002113 seconds
  Import took 0.007070 seconds .

========================================================================
Received Import Request.
  Time since last request: 0.440554 seconds.
  path: Assets/AddressableAssetsData/DataBuilders/BuildScriptFastMode.asset
  artifactKey: Guid(3f85e0f605cbac14f8fbc26ee8876565) Importer(815301076,1909f56bfc062723c751e8b465ee728b)
Start importing Assets/AddressableAssetsData/DataBuilders/BuildScriptFastMode.asset using Guid(3f85e0f605cbac14f8fbc26ee8876565) Importer(815301076,1909f56bfc062723c751e8b465ee728b)  -> (artifact id: '517caaf2e0202b1fa34e06e40410d62f') in 0.002126 seconds
  Import took 0.006865 seconds .

========================================================================
Received Import Request.
  Time since last request: 1.224914 seconds.
  path: Assets/AddressableAssetsData/DataBuilders/BuildScriptVirtualMode.asset
  artifactKey: Guid(b82a6e3af1d54744ba0f4cf246228d3d) Importer(815301076,1909f56bfc062723c751e8b465ee728b)
Start importing Assets/AddressableAssetsData/DataBuilders/BuildScriptVirtualMode.asset using Guid(b82a6e3af1d54744ba0f4cf246228d3d) Importer(815301076,1909f56bfc062723c751e8b465ee728b)  -> (artifact id: 'a2252d2c16e4b8721e1a312931803df3') in 0.002421 seconds
  Import took 0.007136 seconds .

AssetImportWorkerClient::OnTransportError - code=2 error=End of file
